<?xml version="1.0" encoding="UTF-8"?>
<!-- Generated by org.testng.reporters.JUnitReportReporter -->
<testsuite hostname="DESKTOP-OGCT9GE" failures="0" tests="1" name="Login.TESTCASES" time="1.831" errors="0" timestamp="2025-07-11T15:55:31 EET" skipped="0">
  <testcase classname="Login.TESTCASES" name="signup" time="1.831"/>
</testsuite> <!-- Login.TESTCASES -->
