<?xml version="1.0" encoding="UTF-8"?>
<!-- Generated by org.testng.reporters.JUnitReportReporter -->
<testsuite hostname="DESKTOP-OGCT9GE" failures="0" tests="1" name="Login.TESTCASES" time="9.206" errors="0" timestamp="2025-07-12T11:16:31 EET" skipped="0">
  <testcase classname="Login.TESTCASES" name="signup" time="9.206"/>
</testsuite> <!-- Login.TESTCASES -->
